INFO:sim:172 - Generating IP...
Resolving generics for 'map_ram'...
Applying external generics to 'map_ram'...
Delivering associated files for 'map_ram'...
Delivering EJava files for 'map_ram'...
Generating implementation netlist for 'map_ram'...
INFO:sim - Pre-processing HDL files for 'map_ram'...
Running synthesis for 'map_ram'
Running ngcbuild...
Writing VEO instantiation template for 'map_ram'...
Writing Verilog behavioral simulation model for 'map_ram'...
WARNING:sim - Overwriting existing file
   C:/FPGA/integration/ipcore_dir/tmp/_cg/map_ram/doc/blk_mem_gen_v7_3_vinfo.htm
   l with file from view xilinx_documentation
Delivered 1 file into directory C:/FPGA/integration/ipcore_dir/tmp/_cg/map_ram
Generating ASY schematic symbol...
INFO:sim:949 - Finished generation of ASY schematic symbol.
Generating SYM schematic symbol for 'map_ram'...
Generating metadata file...
Generating ISE project file for 'map_ram'...
Generating ISE project...
XCO file found: map_ram.xco
XMDF file found: map_ram_xmdf.tcl
Adding C:/FPGA/integration/ipcore_dir/tmp/_cg/map_ram.asy -view all -origin_type
imported
Adding C:/FPGA/integration/ipcore_dir/tmp/_cg/map_ram.ngc -view all -origin_type
created
Checking file "C:/FPGA/integration/ipcore_dir/tmp/_cg/map_ram.ngc" for project
device match ...
File "C:/FPGA/integration/ipcore_dir/tmp/_cg/map_ram.ngc" device information
matches project device.
Adding C:/FPGA/integration/ipcore_dir/tmp/_cg/map_ram.sym -view all -origin_type
imported
Adding C:/FPGA/integration/ipcore_dir/tmp/_cg/map_ram.v -view all -origin_type
created
INFO:HDLCompiler:1845 - Analyzing Verilog file
   "C:/FPGA/integration/ipcore_dir/tmp/_cg/map_ram.v" into library work
INFO:ProjectMgmt - Parsing design hierarchy completed successfully.
Adding C:/FPGA/integration/ipcore_dir/tmp/_cg/map_ram.veo -view all -origin_type
imported
INFO:TclTasksC:2116 - The automatic calculation of top has been turned-off.
   Please set the new top explicitly by running the "project set top" command.
   To re-calculate the new top automatically, set the "Auto Implementation Top"
   property to true.
Top level has been set to "/map_ram"
Generating README file...
Generating FLIST file...
INFO:sim:948 - Finished FLIST file generation.
Launching README viewer...
Moving files to output directory...
Finished moving files to output directory
Wrote CGP file for project 'map_ram'.
