INFO:sim:172 - Generating IP...
Applying current project options...
Finished applying current project options.
WARNING:sim - A core named 'color_map_rom' already exists in the project. Output
   products for this core may be overwritten.
Resolving generics for 'color_map_rom'...
WARNING:sim - A core named 'color_map_rom' already exists in the project. Output
   products for this core may be overwritten.
Applying external generics to 'color_map_rom'...
Delivering associated files for 'color_map_rom'...
Delivering EJava files for 'color_map_rom'...
Generating implementation netlist for 'color_map_rom'...
INFO:sim - Pre-processing HDL files for 'color_map_rom'...
Running synthesis for 'color_map_rom'
Running ngcbuild...
Writing VEO instantiation template for 'color_map_rom'...
Writing Verilog behavioral simulation model for 'color_map_rom'...
WARNING:sim - Overwriting existing file
   C:/FPGA/vga_char_rom_map_color_map/ipcore_dir/tmp/_cg/color_map_rom/doc/blk_m
   em_gen_v7_3_vinfo.html with file from view xilinx_documentation
Delivered 1 file into directory
C:/FPGA/vga_char_rom_map_color_map/ipcore_dir/tmp/_cg/color_map_rom
Generating ASY schematic symbol...
INFO:sim:949 - Finished generation of ASY schematic symbol.
Generating SYM schematic symbol for 'color_map_rom'...
Generating metadata file...
Regenerating ISE project file for 'color_map_rom'...
Generating ISE project...
XCO file found: color_map_rom.xco
XMDF file found: color_map_rom_xmdf.tcl
Adding C:/FPGA/vga_char_rom_map_color_map/ipcore_dir/tmp/_cg/color_map_rom.asy
-view all -origin_type imported
Adding C:/FPGA/vga_char_rom_map_color_map/ipcore_dir/tmp/_cg/color_map_rom.ngc
-view all -origin_type created
Checking file
"C:/FPGA/vga_char_rom_map_color_map/ipcore_dir/tmp/_cg/color_map_rom.ngc" for
project device match ...
File "C:/FPGA/vga_char_rom_map_color_map/ipcore_dir/tmp/_cg/color_map_rom.ngc"
device information matches project device.
Adding C:/FPGA/vga_char_rom_map_color_map/ipcore_dir/tmp/_cg/color_map_rom.sym
-view all -origin_type imported
Adding C:/FPGA/vga_char_rom_map_color_map/ipcore_dir/tmp/_cg/color_map_rom.v
-view all -origin_type created
INFO:HDLCompiler:1845 - Analyzing Verilog file
   "C:/FPGA/vga_char_rom_map_color_map/ipcore_dir/tmp/_cg/color_map_rom.v" into
   library work
INFO:ProjectMgmt - Parsing design hierarchy completed successfully.
Adding C:/FPGA/vga_char_rom_map_color_map/ipcore_dir/tmp/_cg/color_map_rom.veo
-view all -origin_type imported
INFO:TclTasksC:2116 - The automatic calculation of top has been turned-off.
   Please set the new top explicitly by running the "project set top" command.
   To re-calculate the new top automatically, set the "Auto Implementation Top"
   property to true.
Top level has been set to "/color_map_rom"
Generating README file...
Generating FLIST file...
INFO:sim:948 - Finished FLIST file generation.
Launching README viewer...
Moving files to output directory...
Finished moving files to output directory
Wrote CGP file for project 'color_map_rom'.
