Release 14.7 - xst P.20131013 (nt64)
Copyright (c) 1995-2013 Xilinx, Inc.  All rights reserved.
--> Parameter TMPDIR set to xst/projnav.tmp


Total REAL time to Xst completion: 1.00 secs
Total CPU time to Xst completion: 0.14 secs
 
--> Parameter xsthdpdir set to xst


Total REAL time to Xst completion: 1.00 secs
Total CPU time to Xst completion: 0.15 secs
 
--> Reading design: cnt28bit.prj

TABLE OF CONTENTS
  1) Synthesis Options Summary
  2) HDL Compilation
  3) Design Hierarchy Analysis
  4) HDL Analysis
  5) HDL Synthesis
     5.1) HDL Synthesis Report
  6) Advanced HDL Synthesis
     6.1) Advanced HDL Synthesis Report
  7) Low Level Synthesis
  8) Partition Report
  9) Final Report
	9.1) Device utilization summary
	9.2) Partition Resource Summary
	9.3) TIMING REPORT


=========================================================================
*                      Synthesis Options Summary                        *
=========================================================================
---- Source Parameters
Input File Name                    : "cnt28bit.prj"
Input Format                       : mixed
Ignore Synthesis Constraint File   : NO

---- Target Parameters
Output File Name                   : "cnt28bit"
Output Format                      : NGC
Target Device                      : xc3s700an-4-fgg484

---- Source Options
Top Module Name                    : cnt28bit
Automatic FSM Extraction           : YES
FSM Encoding Algorithm             : Auto
Safe Implementation                : No
FSM Style                          : LUT
RAM Extraction                     : Yes
RAM Style                          : Auto
ROM Extraction                     : Yes
Mux Style                          : Auto
Decoder Extraction                 : YES
Priority Encoder Extraction        : Yes
Shift Register Extraction          : YES
Logical Shifter Extraction         : YES
XOR Collapsing                     : YES
ROM Style                          : Auto
Mux Extraction                     : Yes
Resource Sharing                   : YES
Asynchronous To Synchronous        : NO
Multiplier Style                   : Auto
Automatic Register Balancing       : No

---- Target Options
Add IO Buffers                     : YES
Global Maximum Fanout              : 100000
Add Generic Clock Buffer(BUFG)     : 24
Register Duplication               : YES
Slice Packing                      : YES
Optimize Instantiated Primitives   : NO
Use Clock Enable                   : Yes
Use Synchronous Set                : Yes
Use Synchronous Reset              : Yes
Pack IO Registers into IOBs        : Auto
Equivalent register Removal        : YES

---- General Options
Optimization Goal                  : Speed
Optimization Effort                : 1
Keep Hierarchy                     : No
Netlist Hierarchy                  : As_Optimized
RTL Output                         : Yes
Global Optimization                : AllClockNets
Read Cores                         : YES
Write Timing Constraints           : NO
Cross Clock Analysis               : NO
Hierarchy Separator                : /
Bus Delimiter                      : <>
Case Specifier                     : Maintain
Slice Utilization Ratio            : 100
BRAM Utilization Ratio             : 100
Verilog 2001                       : YES
Auto BRAM Packing                  : NO
Slice Utilization Ratio Delta      : 5

=========================================================================


=========================================================================
*                          HDL Compilation                              *
=========================================================================
Compiling verilog file "cnt28bit.v" in library work
Module <cnt28bit> compiled
No errors in compilation
Analysis of file <"cnt28bit.prj"> succeeded.
 

=========================================================================
*                     Design Hierarchy Analysis                         *
=========================================================================
Analyzing hierarchy for module <cnt28bit> in library <work>.


=========================================================================
*                            HDL Analysis                               *
=========================================================================
Analyzing top module <cnt28bit>.
Module <cnt28bit> is correct for synthesis.
 

=========================================================================
*                           HDL Synthesis                               *
=========================================================================

Performing bidirectional port resolution...

Synthesizing Unit <cnt28bit>.
    Related source file is "cnt28bit.v".
    Found 28-bit up counter for signal <leds_r>.
    Summary:
	inferred   1 Counter(s).
Unit <cnt28bit> synthesized.


=========================================================================
HDL Synthesis Report

Macro Statistics
# Counters                                             : 1
 28-bit up counter                                     : 1

=========================================================================

=========================================================================
*                       Advanced HDL Synthesis                          *
=========================================================================


=========================================================================
Advanced HDL Synthesis Report

Macro Statistics
# Counters                                             : 1
 28-bit up counter                                     : 1

=========================================================================

=========================================================================
*                         Low Level Synthesis                           *
=========================================================================

Optimizing unit <cnt28bit> ...

Mapping all equations...
Building and optimizing final netlist ...
Found area constraint ratio of 100 (+ 5) on block cnt28bit, actual ratio is 0.

Final Macro Processing ...

=========================================================================
Final Register Report

Macro Statistics
# Registers                                            : 28
 Flip-Flops                                            : 28

=========================================================================

=========================================================================
*                           Partition Report                            *
=========================================================================

Partition Implementation Status
-------------------------------

  No Partitions were found in this design.

-------------------------------

=========================================================================
*                            Final Report                               *
=========================================================================
Final Results
RTL Top Level Output File Name     : cnt28bit.ngr
Top Level Output File Name         : cnt28bit
Output Format                      : NGC
Optimization Goal                  : Speed
Keep Hierarchy                     : No

Design Statistics
# IOs                              : 4

Cell Usage :
# BELS                             : 87
#      GND                         : 1
#      INV                         : 1
#      LUT1                        : 27
#      LUT2                        : 2
#      MUXCY                       : 27
#      VCC                         : 1
#      XORCY                       : 28
# FlipFlops/Latches                : 28
#      FDR                         : 28
# Clock Buffers                    : 1
#      BUFGP                       : 1
# IO Buffers                       : 3
#      IBUF                        : 1
#      OBUF                        : 2
=========================================================================

Device utilization summary:
---------------------------

Selected Device : 3s700anfgg484-4 

 Number of Slices:                       15  out of   5888     0%  
 Number of Slice Flip Flops:             28  out of  11776     0%  
 Number of 4 input LUTs:                 30  out of  11776     0%  
 Number of IOs:                           4
 Number of bonded IOBs:                   4  out of    372     1%  
 Number of GCLKs:                         1  out of     24     4%  

---------------------------
Partition Resource Summary:
---------------------------

  No Partitions were found in this design.

---------------------------


=========================================================================
TIMING REPORT

NOTE: THESE TIMING NUMBERS ARE ONLY A SYNTHESIS ESTIMATE.
      FOR ACCURATE TIMING INFORMATION PLEASE REFER TO THE TRACE REPORT
      GENERATED AFTER PLACE-and-ROUTE.

Clock Information:
------------------
-----------------------------------+------------------------+-------+
Clock Signal                       | Clock buffer(FF name)  | Load  |
-----------------------------------+------------------------+-------+
clk                                | BUFGP                  | 28    |
-----------------------------------+------------------------+-------+

Asynchronous Control Signals Information:
----------------------------------------
No asynchronous control signals found in this design

Timing Summary:
---------------
Speed Grade: -4

   Minimum period: 5.155ns (Maximum Frequency: 193.986MHz)
   Minimum input arrival time before clock: 2.979ns
   Maximum output required time after clock: 6.853ns
   Maximum combinational path delay: No path found

Timing Detail:
--------------
All values displayed in nanoseconds (ns)

=========================================================================
Timing constraint: Default period analysis for Clock 'clk'
  Clock period: 5.155ns (frequency: 193.986MHz)
  Total number of paths / destination ports: 406 / 28
-------------------------------------------------------------------------
Delay:               5.155ns (Levels of Logic = 28)
  Source:            leds_r_1 (FF)
  Destination:       leds_r_27 (FF)
  Source Clock:      clk rising
  Destination Clock: clk rising

  Data Path: leds_r_1 to leds_r_27
                                Gate     Net
    Cell:in->out      fanout   Delay   Delay  Logical Name (Net Name)
    ----------------------------------------  ------------
     FDR:C->Q              1   0.591   0.563  leds_r_1 (leds_r_1)
     LUT1:I0->O            1   0.648   0.000  Mcount_leds_r_cy<1>_rt (Mcount_leds_r_cy<1>_rt)
     MUXCY:S->O            1   0.632   0.000  Mcount_leds_r_cy<1> (Mcount_leds_r_cy<1>)
     MUXCY:CI->O           1   0.065   0.000  Mcount_leds_r_cy<2> (Mcount_leds_r_cy<2>)
     MUXCY:CI->O           1   0.065   0.000  Mcount_leds_r_cy<3> (Mcount_leds_r_cy<3>)
     MUXCY:CI->O           1   0.065   0.000  Mcount_leds_r_cy<4> (Mcount_leds_r_cy<4>)
     MUXCY:CI->O           1   0.065   0.000  Mcount_leds_r_cy<5> (Mcount_leds_r_cy<5>)
     MUXCY:CI->O           1   0.065   0.000  Mcount_leds_r_cy<6> (Mcount_leds_r_cy<6>)
     MUXCY:CI->O           1   0.065   0.000  Mcount_leds_r_cy<7> (Mcount_leds_r_cy<7>)
     MUXCY:CI->O           1   0.065   0.000  Mcount_leds_r_cy<8> (Mcount_leds_r_cy<8>)
     MUXCY:CI->O           1   0.065   0.000  Mcount_leds_r_cy<9> (Mcount_leds_r_cy<9>)
     MUXCY:CI->O           1   0.065   0.000  Mcount_leds_r_cy<10> (Mcount_leds_r_cy<10>)
     MUXCY:CI->O           1   0.065   0.000  Mcount_leds_r_cy<11> (Mcount_leds_r_cy<11>)
     MUXCY:CI->O           1   0.065   0.000  Mcount_leds_r_cy<12> (Mcount_leds_r_cy<12>)
     MUXCY:CI->O           1   0.065   0.000  Mcount_leds_r_cy<13> (Mcount_leds_r_cy<13>)
     MUXCY:CI->O           1   0.065   0.000  Mcount_leds_r_cy<14> (Mcount_leds_r_cy<14>)
     MUXCY:CI->O           1   0.065   0.000  Mcount_leds_r_cy<15> (Mcount_leds_r_cy<15>)
     MUXCY:CI->O           1   0.065   0.000  Mcount_leds_r_cy<16> (Mcount_leds_r_cy<16>)
     MUXCY:CI->O           1   0.065   0.000  Mcount_leds_r_cy<17> (Mcount_leds_r_cy<17>)
     MUXCY:CI->O           1   0.065   0.000  Mcount_leds_r_cy<18> (Mcount_leds_r_cy<18>)
     MUXCY:CI->O           1   0.065   0.000  Mcount_leds_r_cy<19> (Mcount_leds_r_cy<19>)
     MUXCY:CI->O           1   0.065   0.000  Mcount_leds_r_cy<20> (Mcount_leds_r_cy<20>)
     MUXCY:CI->O           1   0.065   0.000  Mcount_leds_r_cy<21> (Mcount_leds_r_cy<21>)
     MUXCY:CI->O           1   0.065   0.000  Mcount_leds_r_cy<22> (Mcount_leds_r_cy<22>)
     MUXCY:CI->O           1   0.065   0.000  Mcount_leds_r_cy<23> (Mcount_leds_r_cy<23>)
     MUXCY:CI->O           1   0.065   0.000  Mcount_leds_r_cy<24> (Mcount_leds_r_cy<24>)
     MUXCY:CI->O           1   0.065   0.000  Mcount_leds_r_cy<25> (Mcount_leds_r_cy<25>)
     MUXCY:CI->O           0   0.065   0.000  Mcount_leds_r_cy<26> (Mcount_leds_r_cy<26>)
     XORCY:CI->O           1   0.844   0.000  Mcount_leds_r_xor<27> (Result<27>)
     FDR:D                     0.252          leds_r_27
    ----------------------------------------
    Total                      5.155ns (4.592ns logic, 0.563ns route)
                                       (89.1% logic, 10.9% route)

=========================================================================
Timing constraint: Default OFFSET IN BEFORE for Clock 'clk'
  Total number of paths / destination ports: 28 / 28
-------------------------------------------------------------------------
Offset:              2.979ns (Levels of Logic = 1)
  Source:            rst (PAD)
  Destination:       leds_r_0 (FF)
  Destination Clock: clk rising

  Data Path: rst to leds_r_0
                                Gate     Net
    Cell:in->out      fanout   Delay   Delay  Logical Name (Net Name)
    ----------------------------------------  ------------
     IBUF:I->O            28   0.849   1.261  rst_IBUF (rst_IBUF)
     FDR:R                     0.869          leds_r_0
    ----------------------------------------
    Total                      2.979ns (1.718ns logic, 1.261ns route)
                                       (57.7% logic, 42.3% route)

=========================================================================
Timing constraint: Default OFFSET OUT AFTER for Clock 'clk'
  Total number of paths / destination ports: 4 / 2
-------------------------------------------------------------------------
Offset:              6.853ns (Levels of Logic = 2)
  Source:            leds_r_27 (FF)
  Destination:       leds<1> (PAD)
  Source Clock:      clk rising

  Data Path: leds_r_27 to leds<1>
                                Gate     Net
    Cell:in->out      fanout   Delay   Delay  Logical Name (Net Name)
    ----------------------------------------  ------------
     FDR:C->Q              3   0.591   0.674  leds_r_27 (leds_r_27)
     LUT2:I0->O            1   0.648   0.420  leds_1_and00001 (leds_1_OBUF)
     OBUF:I->O                 4.520          leds_1_OBUF (leds<1>)
    ----------------------------------------
    Total                      6.853ns (5.759ns logic, 1.094ns route)
                                       (84.0% logic, 16.0% route)

=========================================================================


Total REAL time to Xst completion: 7.00 secs
Total CPU time to Xst completion: 6.85 secs
 
--> 

Total memory usage is 4497100 kilobytes

Number of errors   :    0 (   0 filtered)
Number of warnings :    0 (   0 filtered)
Number of infos    :    0 (   0 filtered)

